==3383== Memcheck, a memory error detector
==3383== Copyright (C) 2002-2012, and GNU GPL'd, by Julian Seward et al.
==3383== Using Valgrind-3.8.1 and LibVEX; rerun with -h for copyright info
==3383== Command: ./hw10 exampleImages/RV2.bmp output/grayRV2.bmp
==3383== Parent PID: 3382
==3383== 
--3383-- 
--3383-- Valgrind options:
--3383--    --tool=memcheck
--3383--    --verbose
--3383--    --log-file=./valgrind.log
--3383-- Contents of /proc/version:
--3383--   Linux version 2.6.32-754.3.5.el6.x86_64 (mockbuild@x86-042.build.eng.bos.redhat.com) (gcc version 4.4.7 20120313 (Red Hat 4.4.7-23) (GCC) ) #1 SMP Thu Aug 9 11:56:22 EDT 2018
--3383-- Arch and hwcaps: AMD64, amd64-sse3-cx16-avx
--3383-- Page sizes: currently 4096, max supported 4096
--3383-- Valgrind library directory: /usr/lib64/valgrind
--3383-- Reading syms from /home/shay/a/lgoyal/ECE264/solutions/My-ECE264-Work/HW10/hw10
--3383-- Reading syms from /usr/lib64/valgrind/memcheck-amd64-linux
--3383--    object doesn't have a dynamic symbol table
--3383-- Reading syms from /lib64/ld-2.12.so
--3383--   Considering /usr/lib/debug/.build-id/1c/c2165e019d43f71fde0a47af9f4c8eb5e51963.debug ..
--3383--   .. build-id is valid
--3383-- Scheduler: using generic scheduler lock implementation.
--3383-- Reading suppressions file: /usr/lib64/valgrind/default.supp
==3383== embedded gdbserver: reading from /tmp/vgdb-pipe-from-vgdb-to-3383-by-lgoyal-on-ecegrid-thin4.ecn.purdue.edu
==3383== embedded gdbserver: writing to   /tmp/vgdb-pipe-to-vgdb-from-3383-by-lgoyal-on-ecegrid-thin4.ecn.purdue.edu
==3383== embedded gdbserver: shared mem   /tmp/vgdb-pipe-shared-mem-vgdb-3383-by-lgoyal-on-ecegrid-thin4.ecn.purdue.edu
==3383== 
==3383== TO CONTROL THIS PROCESS USING vgdb (which you probably
==3383== don't want to do, unless you know exactly what you're doing,
==3383== or are doing some strange experiment):
==3383==   /usr/lib64/valgrind/../../bin/vgdb --pid=3383 ...command...
==3383== 
==3383== TO DEBUG THIS PROCESS USING GDB: start GDB like this
==3383==   /path/to/gdb ./hw10
==3383== and then give GDB the following command
==3383==   target remote | /usr/lib64/valgrind/../../bin/vgdb --pid=3383
==3383== --pid is optional if only one valgrind process is running
==3383== 
--3383-- REDIR: 0x3d36217f90 (strlen) redirected to 0x38049551 (vgPlain_amd64_linux_REDIR_FOR_strlen)
--3383-- Reading syms from /usr/lib64/valgrind/vgpreload_core-amd64-linux.so
--3383-- Reading syms from /usr/lib64/valgrind/vgpreload_memcheck-amd64-linux.so
--3383-- REDIR: 0x3d36217da0 (index) redirected to 0x4a07c30 (index)
--3383-- REDIR: 0x3d36217e20 (strcmp) redirected to 0x4a08570 (strcmp)
--3383-- Reading syms from /lib64/libc-2.12.so
--3383--   Considering /usr/lib/debug/.build-id/8e/3aace76351b6a83390ca065e904eb82fbd1ec7.debug ..
--3383--   .. build-id is valid
--3383-- REDIR: 0x3d36684d10 (strcasecmp) redirected to 0x480155c (_vgnU_ifunc_wrapper)
--3383-- REDIR: 0x3d36686fd0 (strncasecmp) redirected to 0x480155c (_vgnU_ifunc_wrapper)
--3383-- REDIR: 0x3d36682c80 (__GI_strrchr) redirected to 0x4a07ab0 (__GI_strrchr)
--3383-- REDIR: 0x3d3667aa50 (malloc) redirected to 0x4a069ac (malloc)
--3383-- REDIR: 0x3d366896b0 (memcpy) redirected to 0x4a08b60 (memcpy)
--3383-- REDIR: 0x3d3667b8b0 (free) redirected to 0x4a063a9 (free)
--3383-- REDIR: 0x3d36684540 (mempcpy) redirected to 0x4a0a020 (mempcpy)
==3383== 
==3383== HEAP SUMMARY:
==3383==     in use at exit: 0 bytes in 0 blocks
==3383==   total heap usage: 6 allocs, 6 frees, 14,746,860 bytes allocated
==3383== 
==3383== All heap blocks were freed -- no leaks are possible
==3383== 
==3383== ERROR SUMMARY: 0 errors from 0 contexts (suppressed: 8 from 6)
--3383-- 
--3383-- used_suppression:      4 U1004-ARM-_dl_relocate_object
--3383-- used_suppression:      4 glibc-2.5.x-on-SUSE-10.2-(PPC)-2a
==3383== 
==3383== ERROR SUMMARY: 0 errors from 0 contexts (suppressed: 8 from 6)
